{"name": "test_web_controls", "status": "broken", "statusDetails": {"message": "selenium.common.exceptions.NoSuchElementException: Message: no such element: Unable to locate element: {\"method\":\"xpath\",\"selector\":\"//button[text()='Move Forward']\"}\n  (Session info: chrome=133.0.6943.59); For documentation on this error, please visit: https://www.selenium.dev/documentation/webdriver/troubleshooting/errors#no-such-element-exception\nStacktrace:\n\tGetHandleVerifier [0x00007FF71A462EC5+28789]\n\t(No symbol) [0x00007FF71A3CF870]\n\t(No symbol) [0x00007FF71A268F9A]\n\t(No symbol) [0x00007FF71A2BF236]\n\t(No symbol) [0x00007FF71A2BF46C]\n\t(No symbol) [0x00007FF71A3129F7]\n\t(No symbol) [0x00007FF71A2E725F]\n\t(No symbol) [0x00007FF71A30F6C3]\n\t(No symbol) [0x00007FF71A2E6FF3]\n\t(No symbol) [0x00007FF71A2AFF0E]\n\t(No symbol) [0x00007FF71A2B1193]\n\tGetHandleVerifier [0x00007FF71A7AD5FD+3479469]\n\tGetHandleVerifier [0x00007FF71A7C71A3+3584851]\n\tGetHandleVerifier [0x00007FF71A7BC44D+3540477]\n\tGetHandleVerifier [0x00007FF71A528B6A+838938]\n\t(No symbol) [0x00007FF71A3DA4EF]\n\t(No symbol) [0x00007FF71A3D6954]\n\t(No symbol) [0x00007FF71A3D6AF6]\n\t(No symbol) [0x00007FF71A3C6499]\n\tBaseThreadInitThunk [0x00007FFF7866259D+29]\n\tRtlUserThreadStart [0x00007FFF7A28AF38+40]", "trace": "@allure.feature(\"Web: Контроль лодки через UI\")\n    @allure.story(\"Перемещение лодки\")\n    def test_web_controls():\n        with allure.step(\"Запуск браузера и открытие веб-приложения\"):\n            driver = webdriver.Chrome()\n            driver.get(\"http://127.0.0.1:8001\")\n            time.sleep(2)\n    \n        with allure.step(\"Нажатие на кнопку 'Move Forward'\"):\n>           move_forward = driver.find_element(By.XPATH, \"//button[text()='Move Forward']\")\n\ntests\\web\\test_web.py:15: \n_ _ _ _ _ _ _ _ _ _ _ _ _ _ _ _ _ _ _ _ _ _ _ _ _ _ _ _ _ _ _ _ _ _ _ _ _ _ _ _ _ _ _ _ _ _ _ _ _ _ _ _ _ _ _ _ _ _ _ _ _ _ _ _ _ _ _ _ _ _ _ _ _ _ _ _ _ _ _ _ _ _ _ _ _ _ _ _ _ _ _ _ _ _ _ _ _ _ _ _ _ _ _ _ _ _ _ _ _ _ _ _ _ _\n..\\..\\AppData\\Local\\Programs\\Python\\Python312\\Lib\\site-packages\\selenium\\webdriver\\remote\\webdriver.py:748: in find_element\n    return self.execute(Command.FIND_ELEMENT, {\"using\": by, \"value\": value})[\"value\"]\n..\\..\\AppData\\Local\\Programs\\Python\\Python312\\Lib\\site-packages\\selenium\\webdriver\\remote\\webdriver.py:354: in execute\n    self.error_handler.check_response(response)\n_ _ _ _ _ _ _ _ _ _ _ _ _ _ _ _ _ _ _ _ _ _ _ _ _ _ _ _ _ _ _ _ _ _ _ _ _ _ _ _ _ _ _ _ _ _ _ _ _ _ _ _ _ _ _ _ _ _ _ _ _ _ _ _ _ _ _ _ _ _ _ _ _ _ _ _ _ _ _ _ _ _ _ _ _ _ _ _ _ _ _ _ _ _ _ _ _ _ _ _ _ _ _ _ _ _ _ _ _ _ _ _ _ _\n\nself = <selenium.webdriver.remote.errorhandler.ErrorHandler object at 0x000002460E620CE0>\nresponse = {'status': 404, 'value': '{\"value\":{\"error\":\"no such element\",\"message\":\"no such element: Unable to locate element: {\\...07FF71A3C6499]\\\\n\\\\tBaseThreadInitThunk [0x00007FFF7866259D+29]\\\\n\\\\tRtlUserThreadStart [0x00007FFF7A28AF38+40]\\\\n\"}}'}\n\n    def check_response(self, response: Dict[str, Any]) -> None:\n        \"\"\"Checks that a JSON response from the WebDriver does not have an\n        error.\n    \n        :Args:\n         - response - The JSON response from the WebDriver server as a dictionary\n           object.\n    \n        :Raises: If the response contains an error message.\n        \"\"\"\n        status = response.get(\"status\", None)\n        if not status or status == ErrorCode.SUCCESS:\n            return\n        value = None\n        message = response.get(\"message\", \"\")\n        screen: str = response.get(\"screen\", \"\")\n        stacktrace = None\n        if isinstance(status, int):\n            value_json = response.get(\"value\", None)\n            if value_json and isinstance(value_json, str):\n                import json\n    \n                try:\n                    value = json.loads(value_json)\n                    if len(value) == 1:\n                        value = value[\"value\"]\n                    status = value.get(\"error\", None)\n                    if not status:\n                        status = value.get(\"status\", ErrorCode.UNKNOWN_ERROR)\n                        message = value.get(\"value\") or value.get(\"message\")\n                        if not isinstance(message, str):\n                            value = message\n                            message = message.get(\"message\")\n                    else:\n                        message = value.get(\"message\", None)\n                except ValueError:\n                    pass\n    \n        exception_class: Type[WebDriverException]\n        e = ErrorCode()\n        error_codes = [item for item in dir(e) if not item.startswith(\"__\")]\n        for error_code in error_codes:\n            error_info = getattr(ErrorCode, error_code)\n            if isinstance(error_info, list) and status in error_info:\n                exception_class = getattr(ExceptionMapping, error_code, WebDriverException)\n                break\n        else:\n            exception_class = WebDriverException\n    \n        if not value:\n            value = response[\"value\"]\n        if isinstance(value, str):\n            raise exception_class(value)\n        if message == \"\" and \"message\" in value:\n            message = value[\"message\"]\n    \n        screen = None  # type: ignore[assignment]\n        if \"screen\" in value:\n            screen = value[\"screen\"]\n    \n        stacktrace = None\n        st_value = value.get(\"stackTrace\") or value.get(\"stacktrace\")\n        if st_value:\n            if isinstance(st_value, str):\n                stacktrace = st_value.split(\"\\n\")\n            else:\n                stacktrace = []\n                try:\n                    for frame in st_value:\n                        line = frame.get(\"lineNumber\", \"\")\n                        file = frame.get(\"fileName\", \"<anonymous>\")\n                        if line:\n                            file = f\"{file}:{line}\"\n                        meth = frame.get(\"methodName\", \"<anonymous>\")\n                        if \"className\" in frame:\n                            meth = f\"{frame['className']}.{meth}\"\n                        msg = \"    at %s (%s)\"\n                        msg = msg % (meth, file)\n                        stacktrace.append(msg)\n                except TypeError:\n                    pass\n        if exception_class == UnexpectedAlertPresentException:\n            alert_text = None\n            if \"data\" in value:\n                alert_text = value[\"data\"].get(\"text\")\n            elif \"alert\" in value:\n                alert_text = value[\"alert\"].get(\"text\")\n            raise exception_class(message, screen, stacktrace, alert_text)  # type: ignore[call-arg]  # mypy is not smart enough here\n>       raise exception_class(message, screen, stacktrace)\nE       selenium.common.exceptions.NoSuchElementException: Message: no such element: Unable to locate element: {\"method\":\"xpath\",\"selector\":\"//button[text()='Move Forward']\"}\nE         (Session info: chrome=133.0.6943.59); For documentation on this error, please visit: https://www.selenium.dev/documentation/webdriver/troubleshooting/errors#no-such-element-exception\nE       Stacktrace:\nE       \tGetHandleVerifier [0x00007FF71A462EC5+28789]\nE       \t(No symbol) [0x00007FF71A3CF870]\nE       \t(No symbol) [0x00007FF71A268F9A]\nE       \t(No symbol) [0x00007FF71A2BF236]\nE       \t(No symbol) [0x00007FF71A2BF46C]\nE       \t(No symbol) [0x00007FF71A3129F7]\nE       \t(No symbol) [0x00007FF71A2E725F]\nE       \t(No symbol) [0x00007FF71A30F6C3]\nE       \t(No symbol) [0x00007FF71A2E6FF3]\nE       \t(No symbol) [0x00007FF71A2AFF0E]\nE       \t(No symbol) [0x00007FF71A2B1193]\nE       \tGetHandleVerifier [0x00007FF71A7AD5FD+3479469]\nE       \tGetHandleVerifier [0x00007FF71A7C71A3+3584851]\nE       \tGetHandleVerifier [0x00007FF71A7BC44D+3540477]\nE       \tGetHandleVerifier [0x00007FF71A528B6A+838938]\nE       \t(No symbol) [0x00007FF71A3DA4EF]\nE       \t(No symbol) [0x00007FF71A3D6954]\nE       \t(No symbol) [0x00007FF71A3D6AF6]\nE       \t(No symbol) [0x00007FF71A3C6499]\nE       \tBaseThreadInitThunk [0x00007FFF7866259D+29]\nE       \tRtlUserThreadStart [0x00007FFF7A28AF38+40]\n\n..\\..\\AppData\\Local\\Programs\\Python\\Python312\\Lib\\site-packages\\selenium\\webdriver\\remote\\errorhandler.py:229: NoSuchElementException"}, "steps": [{"name": "Запуск браузера и открытие веб-приложения", "status": "passed", "start": 1739368973840, "stop": 1739368981483}, {"name": "Нажатие на кнопку 'Move Forward'", "status": "broken", "statusDetails": {"message": "selenium.common.exceptions.NoSuchElementException: Message: no such element: Unable to locate element: {\"method\":\"xpath\",\"selector\":\"//button[text()='Move Forward']\"}\n  (Session info: chrome=133.0.6943.59); For documentation on this error, please visit: https://www.selenium.dev/documentation/webdriver/troubleshooting/errors#no-such-element-exception\nStacktrace:\n\tGetHandleVerifier [0x00007FF71A462EC5+28789]\n\t(No symbol) [0x00007FF71A3CF870]\n\t(No symbol) [0x00007FF71A268F9A]\n\t(No symbol) [0x00007FF71A2BF236]\n\t(No symbol) [0x00007FF71A2BF46C]\n\t(No symbol) [0x00007FF71A3129F7]\n\t(No symbol) [0x00007FF71A2E725F]\n\t(No symbol) [0x00007FF71A30F6C3]\n\t(No symbol) [0x00007FF71A2E6FF3]\n\t(No symbol) [0x00007FF71A2AFF0E]\n\t(No symbol) [0x00007FF71A2B1193]\n\tGetHandleVerifier [0x00007FF71A7AD5FD+3479469]\n\tGetHandleVerifier [0x00007FF71A7C71A3+3584851]\n\tGetHandleVerifier [0x00007FF71A7BC44D+3540477]\n\tGetHandleVerifier [0x00007FF71A528B6A+838938]\n\t(No symbol) [0x00007FF71A3DA4EF]\n\t(No symbol) [0x00007FF71A3D6954]\n\t(No symbol) [0x00007FF71A3D6AF6]\n\t(No symbol) [0x00007FF71A3C6499]\n\tBaseThreadInitThunk [0x00007FFF7866259D+29]\n\tRtlUserThreadStart [0x00007FFF7A28AF38+40]\n\n", "trace": "  File \"C:\\Users\\indev\\PycharmProjects\\boat_api\\tests\\web\\test_web.py\", line 15, in test_web_controls\n    move_forward = driver.find_element(By.XPATH, \"//button[text()='Move Forward']\")\n                   ^^^^^^^^^^^^^^^^^^^^^^^^^^^^^^^^^^^^^^^^^^^^^^^^^^^^^^^^^^^^^^^^\n  File \"C:\\Users\\indev\\AppData\\Local\\Programs\\Python\\Python312\\Lib\\site-packages\\selenium\\webdriver\\remote\\webdriver.py\", line 748, in find_element\n    return self.execute(Command.FIND_ELEMENT, {\"using\": by, \"value\": value})[\"value\"]\n           ^^^^^^^^^^^^^^^^^^^^^^^^^^^^^^^^^^^^^^^^^^^^^^^^^^^^^^^^^^^^^^^^^\n  File \"C:\\Users\\indev\\AppData\\Local\\Programs\\Python\\Python312\\Lib\\site-packages\\selenium\\webdriver\\remote\\webdriver.py\", line 354, in execute\n    self.error_handler.check_response(response)\n  File \"C:\\Users\\indev\\AppData\\Local\\Programs\\Python\\Python312\\Lib\\site-packages\\selenium\\webdriver\\remote\\errorhandler.py\", line 229, in check_response\n    raise exception_class(message, screen, stacktrace)\n"}, "start": 1739368981483, "stop": 1739368981493}], "start": 1739368973840, "stop": 1739368981494, "uuid": "1d77ae94-002a-4528-b1de-d09abb97b177", "historyId": "bd9770e85d5585639b882bc544509c21", "testCaseId": "bd9770e85d5585639b882bc544509c21", "fullName": "tests.web.test_web#test_web_controls", "labels": [{"name": "story", "value": "Перемещение лодки"}, {"name": "feature", "value": "Web: Контроль лодки через UI"}, {"name": "parentSuite", "value": "tests.web"}, {"name": "suite", "value": "test_web"}, {"name": "host", "value": "NLT-WS001"}, {"name": "thread", "value": "9028-MainThread"}, {"name": "framework", "value": "pytest"}, {"name": "language", "value": "cpython3"}, {"name": "package", "value": "tests.web.test_web"}]}